This file contains any messages produced by compilers while
running configure, to aid debugging if configure makes a mistake.

It was created by arp-scan configure 1.8, which was
generated by GNU Autoconf 2.61.  Invocation command line was

  $ ./configure --host=arm-unknown-linux-uclibcgnueabi CC=/opt/toolchains/crosstools-arm-gcc-4.6-linux-3.4-uclibc-0.9.32-binutils-2.21-NPTL/usr/bin/arm-unknown-linux-uclibcgnueabi-gcc LDFLAGS=-L/home/gordon/data/gpl/t3200_18/brcm-sdk-1501/bcmcpe2/targets/963138BGW/fs.build/public/lib CFLAGS=-I/home/gordon/data/gpl/t3200_18/brcm-sdk-1501/bcmcpe2/targets/963138BGW/public/include -I/home/gordon/data/gpl/t3200_18/brcm-sdk-1501/bcmcpe2/userspace/public/libs/libpcap/libpcap

## --------- ##
## Platform. ##
## --------- ##

hostname = new-host
uname -m = i686
uname -r = 3.3.4-5.fc17.i686.PAE
uname -s = Linux
uname -v = #1 SMP Mon May 7 17:37:39 UTC 2012

/usr/bin/uname -p = i686
/bin/uname -X     = unknown

/bin/arch              = i686
/usr/bin/arch -k       = unknown
/usr/convex/getsysinfo = unknown
/usr/bin/hostinfo      = unknown
/bin/machine           = unknown
/usr/bin/oslevel       = unknown
/bin/universe          = unknown

PATH: /usr/lib/ccache
PATH: /usr/local/bin
PATH: /usr/bin
PATH: /bin
PATH: /usr/local/sbin
PATH: /usr/sbin
PATH: /usr/java/jdk1.8.0_162/bin
PATH: /home/gordon/.local/bin
PATH: /home/gordon/bin


## ----------- ##
## Core tests. ##
## ----------- ##

configure:1790: checking for a BSD-compatible install
configure:1846: result: /usr/bin/install -c
configure:1857: checking whether build environment is sane
configure:1900: result: yes
configure:1928: checking for a thread-safe mkdir -p
configure:1967: result: /usr/bin/mkdir -p
configure:1980: checking for gawk
configure:1996: found /usr/bin/gawk
configure:2007: result: gawk
configure:2018: checking whether make sets $(MAKE)
configure:2039: result: yes
configure:2119: checking for arm-unknown-linux-uclibcgnueabi-strip
configure:2146: result: /opt/toolchains/crosstools-arm-gcc-4.6-linux-3.4-uclibc-0.9.32-binutils-2.21-NPTL/usr/bin/arm-unknown-linux-uclibcgnueabi-strip
configure:2237: checking build system type
configure:2255: result: i686-pc-linux-gnu
configure:2277: checking host system type
configure:2292: result: arm-unknown-linux-uclibcgnueabi
configure:2323: checking for arm-unknown-linux-uclibcgnueabi-gcc
configure:2350: result: /opt/toolchains/crosstools-arm-gcc-4.6-linux-3.4-uclibc-0.9.32-binutils-2.21-NPTL/usr/bin/arm-unknown-linux-uclibcgnueabi-gcc
configure:2628: checking for C compiler version
configure:2635: /opt/toolchains/crosstools-arm-gcc-4.6-linux-3.4-uclibc-0.9.32-binutils-2.21-NPTL/usr/bin/arm-unknown-linux-uclibcgnueabi-gcc --version >&5
arm-unknown-linux-uclibcgnueabi-gcc (Buildroot 2011.11) 4.6.2
Copyright (C) 2011 Free Software Foundation, Inc.
This is free software; see the source for copying conditions.  There is NO
warranty; not even for MERCHANTABILITY or FITNESS FOR A PARTICULAR PURPOSE.

configure:2638: $? = 0
configure:2645: /opt/toolchains/crosstools-arm-gcc-4.6-linux-3.4-uclibc-0.9.32-binutils-2.21-NPTL/usr/bin/arm-unknown-linux-uclibcgnueabi-gcc -v >&5
Using built-in specs.
COLLECT_GCC=/opt/toolchains/crosstools-arm-gcc-4.6-linux-3.4-uclibc-0.9.32-binutils-2.21-NPTL/usr/bin/arm-unknown-linux-uclibcgnueabi-gcc
COLLECT_LTO_WRAPPER=/opt/toolchains/crosstools-arm-gcc-4.6-linux-3.4-uclibc-0.9.32-binutils-2.21-NPTL/usr/libexec/gcc/arm-unknown-linux-uclibcgnueabi/4.6.2/lto-wrapper
Target: arm-unknown-linux-uclibcgnueabi
Configured with: /home/dslsqa/rel1.2/src/buildroot-2011.11/output/toolchain/gcc-4.6.2/configure --prefix=/opt/toolchains/crosstools-arm-gcc-4.6-linux-3.4-uclibc-0.9.32-binutils-2.21-NPTL/usr --build=i686-pc-linux-gnu --host=i686-pc-linux-gnu --target=arm-unknown-linux-uclibcgnueabi --enable-languages=c,c++ --with-sysroot=/opt/toolchains/crosstools-arm-gcc-4.6-linux-3.4-uclibc-0.9.32-binutils-2.21-NPTL/usr/arm-unknown-linux-uclibcgnueabi/sysroot --with-build-time-tools=/opt/toolchains/crosstools-arm-gcc-4.6-linux-3.4-uclibc-0.9.32-binutils-2.21-NPTL/usr/arm-unknown-linux-uclibcgnueabi/bin --disable-__cxa_atexit --enable-target-optspace --disable-libgomp --with-gnu-ld --disable-libssp --disable-multilib --enable-tls --enable-shared --with-gmp=/opt/toolchains/crosstools-arm-gcc-4.6-linux-3.4-uclibc-0.9.32-binutils-2.21-NPTL/usr --with-mpfr=/opt/toolchains/crosstools-arm-gcc-4.6-linux-3.4-uclibc-0.9.32-binutils-2.21-NPTL/usr --with-mpc=/opt/toolchains/crosstools-arm-gcc-4.6-linux-3.4-uclibc-0.9.32-binutils-2.21-NPTL/usr --enable-threads --disable-decimal-float --with-float=soft --with-abi=aapcs-linux --with-arch=armv7-a --with-tune=cortex-a9 --with-pkgversion='Buildroot 2011.11' --with-bugurl=http://bugs.buildroot.net/
Thread model: posix
gcc version 4.6.2 (Buildroot 2011.11) 
configure:2648: $? = 0
configure:2655: /opt/toolchains/crosstools-arm-gcc-4.6-linux-3.4-uclibc-0.9.32-binutils-2.21-NPTL/usr/bin/arm-unknown-linux-uclibcgnueabi-gcc -V >&5
arm-unknown-linux-uclibcgnueabi-gcc: error: unrecognized option '-V'
arm-unknown-linux-uclibcgnueabi-gcc: fatal error: no input files
compilation terminated.
configure:2658: $? = 1
configure:2681: checking for C compiler default output file name
configure:2708: /opt/toolchains/crosstools-arm-gcc-4.6-linux-3.4-uclibc-0.9.32-binutils-2.21-NPTL/usr/bin/arm-unknown-linux-uclibcgnueabi-gcc -I/home/gordon/data/gpl/t3200_18/brcm-sdk-1501/bcmcpe2/targets/963138BGW/public/include -I/home/gordon/data/gpl/t3200_18/brcm-sdk-1501/bcmcpe2/userspace/public/libs/libpcap/libpcap  -L/home/gordon/data/gpl/t3200_18/brcm-sdk-1501/bcmcpe2/targets/963138BGW/fs.build/public/lib conftest.c  >&5
configure:2711: $? = 0
configure:2749: result: a.out
configure:2766: checking whether the C compiler works
configure:2776: ./a.out
./configure: line 2777: ./a.out: cannot execute binary file
configure:2779: $? = 126
configure:2796: result: yes
configure:2803: checking whether we are cross compiling
configure:2805: result: yes
configure:2808: checking for suffix of executables
configure:2815: /opt/toolchains/crosstools-arm-gcc-4.6-linux-3.4-uclibc-0.9.32-binutils-2.21-NPTL/usr/bin/arm-unknown-linux-uclibcgnueabi-gcc -o conftest -I/home/gordon/data/gpl/t3200_18/brcm-sdk-1501/bcmcpe2/targets/963138BGW/public/include -I/home/gordon/data/gpl/t3200_18/brcm-sdk-1501/bcmcpe2/userspace/public/libs/libpcap/libpcap  -L/home/gordon/data/gpl/t3200_18/brcm-sdk-1501/bcmcpe2/targets/963138BGW/fs.build/public/lib conftest.c  >&5
configure:2818: $? = 0
configure:2842: result: 
configure:2848: checking for suffix of object files
configure:2874: /opt/toolchains/crosstools-arm-gcc-4.6-linux-3.4-uclibc-0.9.32-binutils-2.21-NPTL/usr/bin/arm-unknown-linux-uclibcgnueabi-gcc -c -I/home/gordon/data/gpl/t3200_18/brcm-sdk-1501/bcmcpe2/targets/963138BGW/public/include -I/home/gordon/data/gpl/t3200_18/brcm-sdk-1501/bcmcpe2/userspace/public/libs/libpcap/libpcap  conftest.c >&5
configure:2877: $? = 0
configure:2900: result: o
configure:2904: checking whether we are using the GNU C compiler
configure:2933: /opt/toolchains/crosstools-arm-gcc-4.6-linux-3.4-uclibc-0.9.32-binutils-2.21-NPTL/usr/bin/arm-unknown-linux-uclibcgnueabi-gcc -c -I/home/gordon/data/gpl/t3200_18/brcm-sdk-1501/bcmcpe2/targets/963138BGW/public/include -I/home/gordon/data/gpl/t3200_18/brcm-sdk-1501/bcmcpe2/userspace/public/libs/libpcap/libpcap  conftest.c >&5
configure:2939: $? = 0
configure:2956: result: yes
configure:2961: checking whether /opt/toolchains/crosstools-arm-gcc-4.6-linux-3.4-uclibc-0.9.32-binutils-2.21-NPTL/usr/bin/arm-unknown-linux-uclibcgnueabi-gcc accepts -g
configure:2991: /opt/toolchains/crosstools-arm-gcc-4.6-linux-3.4-uclibc-0.9.32-binutils-2.21-NPTL/usr/bin/arm-unknown-linux-uclibcgnueabi-gcc -c -g  conftest.c >&5
configure:2997: $? = 0
configure:3096: result: yes
configure:3113: checking for /opt/toolchains/crosstools-arm-gcc-4.6-linux-3.4-uclibc-0.9.32-binutils-2.21-NPTL/usr/bin/arm-unknown-linux-uclibcgnueabi-gcc option to accept ISO C89
configure:3187: /opt/toolchains/crosstools-arm-gcc-4.6-linux-3.4-uclibc-0.9.32-binutils-2.21-NPTL/usr/bin/arm-unknown-linux-uclibcgnueabi-gcc  -c -I/home/gordon/data/gpl/t3200_18/brcm-sdk-1501/bcmcpe2/targets/963138BGW/public/include -I/home/gordon/data/gpl/t3200_18/brcm-sdk-1501/bcmcpe2/userspace/public/libs/libpcap/libpcap  conftest.c >&5
configure:3193: $? = 0
configure:3216: result: none needed
configure:3245: checking for style of include used by make
configure:3273: result: GNU
configure:3298: checking dependency style of /opt/toolchains/crosstools-arm-gcc-4.6-linux-3.4-uclibc-0.9.32-binutils-2.21-NPTL/usr/bin/arm-unknown-linux-uclibcgnueabi-gcc
configure:3389: result: gcc3
configure:3415: checking whether /opt/toolchains/crosstools-arm-gcc-4.6-linux-3.4-uclibc-0.9.32-binutils-2.21-NPTL/usr/bin/arm-unknown-linux-uclibcgnueabi-gcc accepts -Wextra
configure:3440: /opt/toolchains/crosstools-arm-gcc-4.6-linux-3.4-uclibc-0.9.32-binutils-2.21-NPTL/usr/bin/arm-unknown-linux-uclibcgnueabi-gcc -c -I/home/gordon/data/gpl/t3200_18/brcm-sdk-1501/bcmcpe2/targets/963138BGW/public/include -I/home/gordon/data/gpl/t3200_18/brcm-sdk-1501/bcmcpe2/userspace/public/libs/libpcap/libpcap -Wall -Wshadow -Wwrite-strings -Wextra  conftest.c >&5
configure:3446: $? = 0
configure:3452: result: yes
configure:3473: checking whether /opt/toolchains/crosstools-arm-gcc-4.6-linux-3.4-uclibc-0.9.32-binutils-2.21-NPTL/usr/bin/arm-unknown-linux-uclibcgnueabi-gcc accepts -fstack-protector
configure:3498: /opt/toolchains/crosstools-arm-gcc-4.6-linux-3.4-uclibc-0.9.32-binutils-2.21-NPTL/usr/bin/arm-unknown-linux-uclibcgnueabi-gcc -c -I/home/gordon/data/gpl/t3200_18/brcm-sdk-1501/bcmcpe2/targets/963138BGW/public/include -I/home/gordon/data/gpl/t3200_18/brcm-sdk-1501/bcmcpe2/userspace/public/libs/libpcap/libpcap -Wall -Wshadow -Wwrite-strings -Wextra -fstack-protector  conftest.c >&5
configure:3504: $? = 0
configure:3532: checking whether /opt/toolchains/crosstools-arm-gcc-4.6-linux-3.4-uclibc-0.9.32-binutils-2.21-NPTL/usr/bin/arm-unknown-linux-uclibcgnueabi-gcc accepts -D_FORTIFY_SOURCE
configure:3565: /opt/toolchains/crosstools-arm-gcc-4.6-linux-3.4-uclibc-0.9.32-binutils-2.21-NPTL/usr/bin/arm-unknown-linux-uclibcgnueabi-gcc -c -I/home/gordon/data/gpl/t3200_18/brcm-sdk-1501/bcmcpe2/targets/963138BGW/public/include -I/home/gordon/data/gpl/t3200_18/brcm-sdk-1501/bcmcpe2/userspace/public/libs/libpcap/libpcap -Wall -Wshadow -Wwrite-strings -Wextra  conftest.c >&5
configure:3571: $? = 0
configure:3577: result: yes
configure:3596: checking whether /opt/toolchains/crosstools-arm-gcc-4.6-linux-3.4-uclibc-0.9.32-binutils-2.21-NPTL/usr/bin/arm-unknown-linux-uclibcgnueabi-gcc accepts -Wformat-security
configure:3625: /opt/toolchains/crosstools-arm-gcc-4.6-linux-3.4-uclibc-0.9.32-binutils-2.21-NPTL/usr/bin/arm-unknown-linux-uclibcgnueabi-gcc -c -I/home/gordon/data/gpl/t3200_18/brcm-sdk-1501/bcmcpe2/targets/963138BGW/public/include -I/home/gordon/data/gpl/t3200_18/brcm-sdk-1501/bcmcpe2/userspace/public/libs/libpcap/libpcap -Wall -Wshadow -Wwrite-strings -Wextra -D_FORTIFY_SOURCE=2 -Wall -Werror -Wformat -Wformat-security  conftest.c >&5
conftest.c: In function 'main':
conftest.c:17:10: error: format not a string literal and no format arguments [-Werror=format-security]
cc1: all warnings being treated as errors

configure:3631: $? = 1
configure: failed program was:
| /* confdefs.h.  */
| #define PACKAGE_NAME "arp-scan"
| #define PACKAGE_TARNAME "arp-scan"
| #define PACKAGE_VERSION "1.8"
| #define PACKAGE_STRING "arp-scan 1.8"
| #define PACKAGE_BUGREPORT "arp-scan@nta-monitor.com"
| #define PACKAGE "arp-scan"
| #define VERSION "1.8"
| #define ATTRIBUTE_UNUSED __attribute__ ((__unused__))
| /* end confdefs.h.  */
| #include <stdio.h>
| int
| main ()
| {
| 
|          char *fmt=NULL;
|          printf(fmt);
|          return 0;
| 
|   ;
|   return 0;
| }
configure:3646: result: yes
configure:3675: checking for a BSD-compatible install
configure:3731: result: /usr/bin/install -c
configure:3742: checking whether ln -s works
configure:3746: result: yes
configure:3754: checking for library containing gethostbyname
configure:3795: /opt/toolchains/crosstools-arm-gcc-4.6-linux-3.4-uclibc-0.9.32-binutils-2.21-NPTL/usr/bin/arm-unknown-linux-uclibcgnueabi-gcc -o conftest -I/home/gordon/data/gpl/t3200_18/brcm-sdk-1501/bcmcpe2/targets/963138BGW/public/include -I/home/gordon/data/gpl/t3200_18/brcm-sdk-1501/bcmcpe2/userspace/public/libs/libpcap/libpcap -Wall -Wshadow -Wwrite-strings -Wextra -D_FORTIFY_SOURCE=2 -Wformat -Wformat-security  -L/home/gordon/data/gpl/t3200_18/brcm-sdk-1501/bcmcpe2/targets/963138BGW/fs.build/public/lib conftest.c  >&5
/tmp/ccC2Klnq.o: In function `main':
conftest.c:(.text+0x8): warning: gethostbyname is obsolescent, use getnameinfo() instead.
configure:3801: $? = 0
configure:3829: result: none required
configure:3837: checking for library containing socket
configure:3878: /opt/toolchains/crosstools-arm-gcc-4.6-linux-3.4-uclibc-0.9.32-binutils-2.21-NPTL/usr/bin/arm-unknown-linux-uclibcgnueabi-gcc -o conftest -I/home/gordon/data/gpl/t3200_18/brcm-sdk-1501/bcmcpe2/targets/963138BGW/public/include -I/home/gordon/data/gpl/t3200_18/brcm-sdk-1501/bcmcpe2/userspace/public/libs/libpcap/libpcap -Wall -Wshadow -Wwrite-strings -Wextra -D_FORTIFY_SOURCE=2 -Wformat -Wformat-security  -L/home/gordon/data/gpl/t3200_18/brcm-sdk-1501/bcmcpe2/targets/963138BGW/fs.build/public/lib conftest.c  >&5
configure:3884: $? = 0
configure:3912: result: none required
configure:3920: checking for library containing pcap_open_live
configure:3961: /opt/toolchains/crosstools-arm-gcc-4.6-linux-3.4-uclibc-0.9.32-binutils-2.21-NPTL/usr/bin/arm-unknown-linux-uclibcgnueabi-gcc -o conftest -I/home/gordon/data/gpl/t3200_18/brcm-sdk-1501/bcmcpe2/targets/963138BGW/public/include -I/home/gordon/data/gpl/t3200_18/brcm-sdk-1501/bcmcpe2/userspace/public/libs/libpcap/libpcap -Wall -Wshadow -Wwrite-strings -Wextra -D_FORTIFY_SOURCE=2 -Wformat -Wformat-security  -L/home/gordon/data/gpl/t3200_18/brcm-sdk-1501/bcmcpe2/targets/963138BGW/fs.build/public/lib conftest.c  >&5
/tmp/ccYX8A5g.o: In function `main':
conftest.c:(.text+0x8): undefined reference to `pcap_open_live'
collect2: ld returned 1 exit status
configure:3967: $? = 1
configure: failed program was:
| /* confdefs.h.  */
| #define PACKAGE_NAME "arp-scan"
| #define PACKAGE_TARNAME "arp-scan"
| #define PACKAGE_VERSION "1.8"
| #define PACKAGE_STRING "arp-scan 1.8"
| #define PACKAGE_BUGREPORT "arp-scan@nta-monitor.com"
| #define PACKAGE "arp-scan"
| #define VERSION "1.8"
| #define ATTRIBUTE_UNUSED __attribute__ ((__unused__))
| /* end confdefs.h.  */
| 
| /* Override any GCC internal prototype to avoid an error.
|    Use char because int might match the return type of a GCC
|    builtin and then its argument prototype would still apply.  */
| #ifdef __cplusplus
| extern "C"
| #endif
| char pcap_open_live ();
| int
| main ()
| {
| return pcap_open_live ();
|   ;
|   return 0;
| }
configure:3961: /opt/toolchains/crosstools-arm-gcc-4.6-linux-3.4-uclibc-0.9.32-binutils-2.21-NPTL/usr/bin/arm-unknown-linux-uclibcgnueabi-gcc -o conftest -I/home/gordon/data/gpl/t3200_18/brcm-sdk-1501/bcmcpe2/targets/963138BGW/public/include -I/home/gordon/data/gpl/t3200_18/brcm-sdk-1501/bcmcpe2/userspace/public/libs/libpcap/libpcap -Wall -Wshadow -Wwrite-strings -Wextra -D_FORTIFY_SOURCE=2 -Wformat -Wformat-security  -L/home/gordon/data/gpl/t3200_18/brcm-sdk-1501/bcmcpe2/targets/963138BGW/fs.build/public/lib conftest.c -lpcap   >&5
/home/gordon/data/gpl/t3200_18/brcm-sdk-1501/bcmcpe2/targets/963138BGW/fs.build/public/lib/libpcap.so: warning: gethostbyname is obsolescent, use getnameinfo() instead.
configure:3967: $? = 0
configure:3995: result: -lpcap
configure:4012: checking for a compatible pcap library
configure:4042: /opt/toolchains/crosstools-arm-gcc-4.6-linux-3.4-uclibc-0.9.32-binutils-2.21-NPTL/usr/bin/arm-unknown-linux-uclibcgnueabi-gcc -o conftest -I/home/gordon/data/gpl/t3200_18/brcm-sdk-1501/bcmcpe2/targets/963138BGW/public/include -I/home/gordon/data/gpl/t3200_18/brcm-sdk-1501/bcmcpe2/userspace/public/libs/libpcap/libpcap -Wall -Wshadow -Wwrite-strings -Wextra -D_FORTIFY_SOURCE=2 -Wformat -Wformat-security  -L/home/gordon/data/gpl/t3200_18/brcm-sdk-1501/bcmcpe2/targets/963138BGW/fs.build/public/lib conftest.c -lpcap  >&5
/home/gordon/data/gpl/t3200_18/brcm-sdk-1501/bcmcpe2/targets/963138BGW/fs.build/public/lib/libpcap.so: warning: gethostbyname is obsolescent, use getnameinfo() instead.
configure:4048: $? = 0
configure:4054: result: yes
configure:4079: checking how to run the C preprocessor
configure:4195: result: /opt/toolchains/crosstools-arm-gcc-4.6-linux-3.4-uclibc-0.9.32-binutils-2.21-NPTL/usr/bin/arm-unknown-linux-uclibcgnueabi-cpp
configure:4224: /opt/toolchains/crosstools-arm-gcc-4.6-linux-3.4-uclibc-0.9.32-binutils-2.21-NPTL/usr/bin/arm-unknown-linux-uclibcgnueabi-cpp  conftest.c
configure:4230: $? = 0
configure:4261: /opt/toolchains/crosstools-arm-gcc-4.6-linux-3.4-uclibc-0.9.32-binutils-2.21-NPTL/usr/bin/arm-unknown-linux-uclibcgnueabi-cpp  conftest.c
conftest.c:11:28: fatal error: ac_nonexistent.h: No such file or directory
compilation terminated.
configure:4267: $? = 1
configure: failed program was:
| /* confdefs.h.  */
| #define PACKAGE_NAME "arp-scan"
| #define PACKAGE_TARNAME "arp-scan"
| #define PACKAGE_VERSION "1.8"
| #define PACKAGE_STRING "arp-scan 1.8"
| #define PACKAGE_BUGREPORT "arp-scan@nta-monitor.com"
| #define PACKAGE "arp-scan"
| #define VERSION "1.8"
| #define ATTRIBUTE_UNUSED __attribute__ ((__unused__))
| /* end confdefs.h.  */
| #include <ac_nonexistent.h>
configure:4305: checking for grep that handles long lines and -e
configure:4379: result: /usr/bin/grep
configure:4384: checking for egrep
configure:4462: result: /usr/bin/grep -E
configure:4467: checking for ANSI C header files
configure:4497: /opt/toolchains/crosstools-arm-gcc-4.6-linux-3.4-uclibc-0.9.32-binutils-2.21-NPTL/usr/bin/arm-unknown-linux-uclibcgnueabi-gcc -c -I/home/gordon/data/gpl/t3200_18/brcm-sdk-1501/bcmcpe2/targets/963138BGW/public/include -I/home/gordon/data/gpl/t3200_18/brcm-sdk-1501/bcmcpe2/userspace/public/libs/libpcap/libpcap -Wall -Wshadow -Wwrite-strings -Wextra -D_FORTIFY_SOURCE=2 -Wformat -Wformat-security  conftest.c >&5
configure:4503: $? = 0
configure:4631: result: yes
configure:4655: checking for sys/types.h
configure:4676: /opt/toolchains/crosstools-arm-gcc-4.6-linux-3.4-uclibc-0.9.32-binutils-2.21-NPTL/usr/bin/arm-unknown-linux-uclibcgnueabi-gcc -c -I/home/gordon/data/gpl/t3200_18/brcm-sdk-1501/bcmcpe2/targets/963138BGW/public/include -I/home/gordon/data/gpl/t3200_18/brcm-sdk-1501/bcmcpe2/userspace/public/libs/libpcap/libpcap -Wall -Wshadow -Wwrite-strings -Wextra -D_FORTIFY_SOURCE=2 -Wformat -Wformat-security  conftest.c >&5
configure:4682: $? = 0
configure:4698: result: yes
configure:4655: checking for sys/stat.h
configure:4676: /opt/toolchains/crosstools-arm-gcc-4.6-linux-3.4-uclibc-0.9.32-binutils-2.21-NPTL/usr/bin/arm-unknown-linux-uclibcgnueabi-gcc -c -I/home/gordon/data/gpl/t3200_18/brcm-sdk-1501/bcmcpe2/targets/963138BGW/public/include -I/home/gordon/data/gpl/t3200_18/brcm-sdk-1501/bcmcpe2/userspace/public/libs/libpcap/libpcap -Wall -Wshadow -Wwrite-strings -Wextra -D_FORTIFY_SOURCE=2 -Wformat -Wformat-security  conftest.c >&5
configure:4682: $? = 0
configure:4698: result: yes
configure:4655: checking for stdlib.h
configure:4676: /opt/toolchains/crosstools-arm-gcc-4.6-linux-3.4-uclibc-0.9.32-binutils-2.21-NPTL/usr/bin/arm-unknown-linux-uclibcgnueabi-gcc -c -I/home/gordon/data/gpl/t3200_18/brcm-sdk-1501/bcmcpe2/targets/963138BGW/public/include -I/home/gordon/data/gpl/t3200_18/brcm-sdk-1501/bcmcpe2/userspace/public/libs/libpcap/libpcap -Wall -Wshadow -Wwrite-strings -Wextra -D_FORTIFY_SOURCE=2 -Wformat -Wformat-security  conftest.c >&5
configure:4682: $? = 0
configure:4698: result: yes
configure:4655: checking for string.h
configure:4676: /opt/toolchains/crosstools-arm-gcc-4.6-linux-3.4-uclibc-0.9.32-binutils-2.21-NPTL/usr/bin/arm-unknown-linux-uclibcgnueabi-gcc -c -I/home/gordon/data/gpl/t3200_18/brcm-sdk-1501/bcmcpe2/targets/963138BGW/public/include -I/home/gordon/data/gpl/t3200_18/brcm-sdk-1501/bcmcpe2/userspace/public/libs/libpcap/libpcap -Wall -Wshadow -Wwrite-strings -Wextra -D_FORTIFY_SOURCE=2 -Wformat -Wformat-security  conftest.c >&5
configure:4682: $? = 0
configure:4698: result: yes
configure:4655: checking for memory.h
configure:4676: /opt/toolchains/crosstools-arm-gcc-4.6-linux-3.4-uclibc-0.9.32-binutils-2.21-NPTL/usr/bin/arm-unknown-linux-uclibcgnueabi-gcc -c -I/home/gordon/data/gpl/t3200_18/brcm-sdk-1501/bcmcpe2/targets/963138BGW/public/include -I/home/gordon/data/gpl/t3200_18/brcm-sdk-1501/bcmcpe2/userspace/public/libs/libpcap/libpcap -Wall -Wshadow -Wwrite-strings -Wextra -D_FORTIFY_SOURCE=2 -Wformat -Wformat-security  conftest.c >&5
configure:4682: $? = 0
configure:4698: result: yes
configure:4655: checking for strings.h
configure:4676: /opt/toolchains/crosstools-arm-gcc-4.6-linux-3.4-uclibc-0.9.32-binutils-2.21-NPTL/usr/bin/arm-unknown-linux-uclibcgnueabi-gcc -c -I/home/gordon/data/gpl/t3200_18/brcm-sdk-1501/bcmcpe2/targets/963138BGW/public/include -I/home/gordon/data/gpl/t3200_18/brcm-sdk-1501/bcmcpe2/userspace/public/libs/libpcap/libpcap -Wall -Wshadow -Wwrite-strings -Wextra -D_FORTIFY_SOURCE=2 -Wformat -Wformat-security  conftest.c >&5
configure:4682: $? = 0
configure:4698: result: yes
configure:4655: checking for inttypes.h
configure:4676: /opt/toolchains/crosstools-arm-gcc-4.6-linux-3.4-uclibc-0.9.32-binutils-2.21-NPTL/usr/bin/arm-unknown-linux-uclibcgnueabi-gcc -c -I/home/gordon/data/gpl/t3200_18/brcm-sdk-1501/bcmcpe2/targets/963138BGW/public/include -I/home/gordon/data/gpl/t3200_18/brcm-sdk-1501/bcmcpe2/userspace/public/libs/libpcap/libpcap -Wall -Wshadow -Wwrite-strings -Wextra -D_FORTIFY_SOURCE=2 -Wformat -Wformat-security  conftest.c >&5
configure:4682: $? = 0
configure:4698: result: yes
configure:4655: checking for stdint.h
configure:4676: /opt/toolchains/crosstools-arm-gcc-4.6-linux-3.4-uclibc-0.9.32-binutils-2.21-NPTL/usr/bin/arm-unknown-linux-uclibcgnueabi-gcc -c -I/home/gordon/data/gpl/t3200_18/brcm-sdk-1501/bcmcpe2/targets/963138BGW/public/include -I/home/gordon/data/gpl/t3200_18/brcm-sdk-1501/bcmcpe2/userspace/public/libs/libpcap/libpcap -Wall -Wshadow -Wwrite-strings -Wextra -D_FORTIFY_SOURCE=2 -Wformat -Wformat-security  conftest.c >&5
configure:4682: $? = 0
configure:4698: result: yes
configure:4655: checking for unistd.h
configure:4676: /opt/toolchains/crosstools-arm-gcc-4.6-linux-3.4-uclibc-0.9.32-binutils-2.21-NPTL/usr/bin/arm-unknown-linux-uclibcgnueabi-gcc -c -I/home/gordon/data/gpl/t3200_18/brcm-sdk-1501/bcmcpe2/targets/963138BGW/public/include -I/home/gordon/data/gpl/t3200_18/brcm-sdk-1501/bcmcpe2/userspace/public/libs/libpcap/libpcap -Wall -Wshadow -Wwrite-strings -Wextra -D_FORTIFY_SOURCE=2 -Wformat -Wformat-security  conftest.c >&5
configure:4682: $? = 0
configure:4698: result: yes
configure:4735: checking arpa/inet.h usability
configure:4752: /opt/toolchains/crosstools-arm-gcc-4.6-linux-3.4-uclibc-0.9.32-binutils-2.21-NPTL/usr/bin/arm-unknown-linux-uclibcgnueabi-gcc -c -I/home/gordon/data/gpl/t3200_18/brcm-sdk-1501/bcmcpe2/targets/963138BGW/public/include -I/home/gordon/data/gpl/t3200_18/brcm-sdk-1501/bcmcpe2/userspace/public/libs/libpcap/libpcap -Wall -Wshadow -Wwrite-strings -Wextra -D_FORTIFY_SOURCE=2 -Wformat -Wformat-security  conftest.c >&5
configure:4758: $? = 0
configure:4772: result: yes
configure:4776: checking arpa/inet.h presence
configure:4791: /opt/toolchains/crosstools-arm-gcc-4.6-linux-3.4-uclibc-0.9.32-binutils-2.21-NPTL/usr/bin/arm-unknown-linux-uclibcgnueabi-cpp  conftest.c
configure:4797: $? = 0
configure:4811: result: yes
configure:4844: checking for arpa/inet.h
configure:4852: result: yes
configure:4735: checking netdb.h usability
configure:4752: /opt/toolchains/crosstools-arm-gcc-4.6-linux-3.4-uclibc-0.9.32-binutils-2.21-NPTL/usr/bin/arm-unknown-linux-uclibcgnueabi-gcc -c -I/home/gordon/data/gpl/t3200_18/brcm-sdk-1501/bcmcpe2/targets/963138BGW/public/include -I/home/gordon/data/gpl/t3200_18/brcm-sdk-1501/bcmcpe2/userspace/public/libs/libpcap/libpcap -Wall -Wshadow -Wwrite-strings -Wextra -D_FORTIFY_SOURCE=2 -Wformat -Wformat-security  conftest.c >&5
configure:4758: $? = 0
configure:4772: result: yes
configure:4776: checking netdb.h presence
configure:4791: /opt/toolchains/crosstools-arm-gcc-4.6-linux-3.4-uclibc-0.9.32-binutils-2.21-NPTL/usr/bin/arm-unknown-linux-uclibcgnueabi-cpp  conftest.c
configure:4797: $? = 0
configure:4811: result: yes
configure:4844: checking for netdb.h
configure:4852: result: yes
configure:4735: checking netinet/in.h usability
configure:4752: /opt/toolchains/crosstools-arm-gcc-4.6-linux-3.4-uclibc-0.9.32-binutils-2.21-NPTL/usr/bin/arm-unknown-linux-uclibcgnueabi-gcc -c -I/home/gordon/data/gpl/t3200_18/brcm-sdk-1501/bcmcpe2/targets/963138BGW/public/include -I/home/gordon/data/gpl/t3200_18/brcm-sdk-1501/bcmcpe2/userspace/public/libs/libpcap/libpcap -Wall -Wshadow -Wwrite-strings -Wextra -D_FORTIFY_SOURCE=2 -Wformat -Wformat-security  conftest.c >&5
configure:4758: $? = 0
configure:4772: result: yes
configure:4776: checking netinet/in.h presence
configure:4791: /opt/toolchains/crosstools-arm-gcc-4.6-linux-3.4-uclibc-0.9.32-binutils-2.21-NPTL/usr/bin/arm-unknown-linux-uclibcgnueabi-cpp  conftest.c
configure:4797: $? = 0
configure:4811: result: yes
configure:4844: checking for netinet/in.h
configure:4852: result: yes
configure:4735: checking sys/socket.h usability
configure:4752: /opt/toolchains/crosstools-arm-gcc-4.6-linux-3.4-uclibc-0.9.32-binutils-2.21-NPTL/usr/bin/arm-unknown-linux-uclibcgnueabi-gcc -c -I/home/gordon/data/gpl/t3200_18/brcm-sdk-1501/bcmcpe2/targets/963138BGW/public/include -I/home/gordon/data/gpl/t3200_18/brcm-sdk-1501/bcmcpe2/userspace/public/libs/libpcap/libpcap -Wall -Wshadow -Wwrite-strings -Wextra -D_FORTIFY_SOURCE=2 -Wformat -Wformat-security  conftest.c >&5
configure:4758: $? = 0
configure:4772: result: yes
configure:4776: checking sys/socket.h presence
configure:4791: /opt/toolchains/crosstools-arm-gcc-4.6-linux-3.4-uclibc-0.9.32-binutils-2.21-NPTL/usr/bin/arm-unknown-linux-uclibcgnueabi-cpp  conftest.c
configure:4797: $? = 0
configure:4811: result: yes
configure:4844: checking for sys/socket.h
configure:4852: result: yes
configure:4735: checking sys/time.h usability
configure:4752: /opt/toolchains/crosstools-arm-gcc-4.6-linux-3.4-uclibc-0.9.32-binutils-2.21-NPTL/usr/bin/arm-unknown-linux-uclibcgnueabi-gcc -c -I/home/gordon/data/gpl/t3200_18/brcm-sdk-1501/bcmcpe2/targets/963138BGW/public/include -I/home/gordon/data/gpl/t3200_18/brcm-sdk-1501/bcmcpe2/userspace/public/libs/libpcap/libpcap -Wall -Wshadow -Wwrite-strings -Wextra -D_FORTIFY_SOURCE=2 -Wformat -Wformat-security  conftest.c >&5
configure:4758: $? = 0
configure:4772: result: yes
configure:4776: checking sys/time.h presence
configure:4791: /opt/toolchains/crosstools-arm-gcc-4.6-linux-3.4-uclibc-0.9.32-binutils-2.21-NPTL/usr/bin/arm-unknown-linux-uclibcgnueabi-cpp  conftest.c
configure:4797: $? = 0
configure:4811: result: yes
configure:4844: checking for sys/time.h
configure:4852: result: yes
configure:4725: checking for unistd.h
configure:4731: result: yes
configure:4735: checking getopt.h usability
configure:4752: /opt/toolchains/crosstools-arm-gcc-4.6-linux-3.4-uclibc-0.9.32-binutils-2.21-NPTL/usr/bin/arm-unknown-linux-uclibcgnueabi-gcc -c -I/home/gordon/data/gpl/t3200_18/brcm-sdk-1501/bcmcpe2/targets/963138BGW/public/include -I/home/gordon/data/gpl/t3200_18/brcm-sdk-1501/bcmcpe2/userspace/public/libs/libpcap/libpcap -Wall -Wshadow -Wwrite-strings -Wextra -D_FORTIFY_SOURCE=2 -Wformat -Wformat-security  conftest.c >&5
configure:4758: $? = 0
configure:4772: result: yes
configure:4776: checking getopt.h presence
configure:4791: /opt/toolchains/crosstools-arm-gcc-4.6-linux-3.4-uclibc-0.9.32-binutils-2.21-NPTL/usr/bin/arm-unknown-linux-uclibcgnueabi-cpp  conftest.c
configure:4797: $? = 0
configure:4811: result: yes
configure:4844: checking for getopt.h
configure:4852: result: yes
configure:4735: checking pcap.h usability
configure:4752: /opt/toolchains/crosstools-arm-gcc-4.6-linux-3.4-uclibc-0.9.32-binutils-2.21-NPTL/usr/bin/arm-unknown-linux-uclibcgnueabi-gcc -c -I/home/gordon/data/gpl/t3200_18/brcm-sdk-1501/bcmcpe2/targets/963138BGW/public/include -I/home/gordon/data/gpl/t3200_18/brcm-sdk-1501/bcmcpe2/userspace/public/libs/libpcap/libpcap -Wall -Wshadow -Wwrite-strings -Wextra -D_FORTIFY_SOURCE=2 -Wformat -Wformat-security  conftest.c >&5
configure:4758: $? = 0
configure:4772: result: yes
configure:4776: checking pcap.h presence
configure:4791: /opt/toolchains/crosstools-arm-gcc-4.6-linux-3.4-uclibc-0.9.32-binutils-2.21-NPTL/usr/bin/arm-unknown-linux-uclibcgnueabi-cpp  conftest.c
conftest.c:28:18: fatal error: pcap.h: No such file or directory
compilation terminated.
configure:4797: $? = 1
configure: failed program was:
| /* confdefs.h.  */
| #define PACKAGE_NAME "arp-scan"
| #define PACKAGE_TARNAME "arp-scan"
| #define PACKAGE_VERSION "1.8"
| #define PACKAGE_STRING "arp-scan 1.8"
| #define PACKAGE_BUGREPORT "arp-scan@nta-monitor.com"
| #define PACKAGE "arp-scan"
| #define VERSION "1.8"
| #define ATTRIBUTE_UNUSED __attribute__ ((__unused__))
| #define STDC_HEADERS 1
| #define HAVE_SYS_TYPES_H 1
| #define HAVE_SYS_STAT_H 1
| #define HAVE_STDLIB_H 1
| #define HAVE_STRING_H 1
| #define HAVE_MEMORY_H 1
| #define HAVE_STRINGS_H 1
| #define HAVE_INTTYPES_H 1
| #define HAVE_STDINT_H 1
| #define HAVE_UNISTD_H 1
| #define HAVE_ARPA_INET_H 1
| #define HAVE_NETDB_H 1
| #define HAVE_NETINET_IN_H 1
| #define HAVE_SYS_SOCKET_H 1
| #define HAVE_SYS_TIME_H 1
| #define HAVE_UNISTD_H 1
| #define HAVE_GETOPT_H 1
| /* end confdefs.h.  */
| #include <pcap.h>
configure:4811: result: no
configure:4817: WARNING: pcap.h: accepted by the compiler, rejected by the preprocessor!
configure:4819: WARNING: pcap.h: proceeding with the compiler's result
configure:4844: checking for pcap.h
configure:4852: result: yes
configure:4735: checking sys/ioctl.h usability
configure:4752: /opt/toolchains/crosstools-arm-gcc-4.6-linux-3.4-uclibc-0.9.32-binutils-2.21-NPTL/usr/bin/arm-unknown-linux-uclibcgnueabi-gcc -c -I/home/gordon/data/gpl/t3200_18/brcm-sdk-1501/bcmcpe2/targets/963138BGW/public/include -I/home/gordon/data/gpl/t3200_18/brcm-sdk-1501/bcmcpe2/userspace/public/libs/libpcap/libpcap -Wall -Wshadow -Wwrite-strings -Wextra -D_FORTIFY_SOURCE=2 -Wformat -Wformat-security  conftest.c >&5
configure:4758: $? = 0
configure:4772: result: yes
configure:4776: checking sys/ioctl.h presence
configure:4791: /opt/toolchains/crosstools-arm-gcc-4.6-linux-3.4-uclibc-0.9.32-binutils-2.21-NPTL/usr/bin/arm-unknown-linux-uclibcgnueabi-cpp  conftest.c
configure:4797: $? = 0
configure:4811: result: yes
configure:4844: checking for sys/ioctl.h
configure:4852: result: yes
configure:4725: checking for sys/stat.h
configure:4731: result: yes
configure:4735: checking fcntl.h usability
configure:4752: /opt/toolchains/crosstools-arm-gcc-4.6-linux-3.4-uclibc-0.9.32-binutils-2.21-NPTL/usr/bin/arm-unknown-linux-uclibcgnueabi-gcc -c -I/home/gordon/data/gpl/t3200_18/brcm-sdk-1501/bcmcpe2/targets/963138BGW/public/include -I/home/gordon/data/gpl/t3200_18/brcm-sdk-1501/bcmcpe2/userspace/public/libs/libpcap/libpcap -Wall -Wshadow -Wwrite-strings -Wextra -D_FORTIFY_SOURCE=2 -Wformat -Wformat-security  conftest.c >&5
configure:4758: $? = 0
configure:4772: result: yes
configure:4776: checking fcntl.h presence
configure:4791: /opt/toolchains/crosstools-arm-gcc-4.6-linux-3.4-uclibc-0.9.32-binutils-2.21-NPTL/usr/bin/arm-unknown-linux-uclibcgnueabi-cpp  conftest.c
configure:4797: $? = 0
configure:4811: result: yes
configure:4844: checking for fcntl.h
configure:4852: result: yes
configure:4866: checking for an ANSI C-conforming const
configure:4941: /opt/toolchains/crosstools-arm-gcc-4.6-linux-3.4-uclibc-0.9.32-binutils-2.21-NPTL/usr/bin/arm-unknown-linux-uclibcgnueabi-gcc -c -I/home/gordon/data/gpl/t3200_18/brcm-sdk-1501/bcmcpe2/targets/963138BGW/public/include -I/home/gordon/data/gpl/t3200_18/brcm-sdk-1501/bcmcpe2/userspace/public/libs/libpcap/libpcap -Wall -Wshadow -Wwrite-strings -Wextra -D_FORTIFY_SOURCE=2 -Wformat -Wformat-security  conftest.c >&5
conftest.c: In function 'main':
conftest.c:61:10: warning: 't' is used uninitialized in this function [-Wuninitialized]
conftest.c:77:23: warning: 'b' may be used uninitialized in this function [-Wuninitialized]
configure:4947: $? = 0
configure:4962: result: yes
configure:4972: checking for size_t
configure:5002: /opt/toolchains/crosstools-arm-gcc-4.6-linux-3.4-uclibc-0.9.32-binutils-2.21-NPTL/usr/bin/arm-unknown-linux-uclibcgnueabi-gcc -c -I/home/gordon/data/gpl/t3200_18/brcm-sdk-1501/bcmcpe2/targets/963138BGW/public/include -I/home/gordon/data/gpl/t3200_18/brcm-sdk-1501/bcmcpe2/userspace/public/libs/libpcap/libpcap -Wall -Wshadow -Wwrite-strings -Wextra -D_FORTIFY_SOURCE=2 -Wformat -Wformat-security  conftest.c >&5
configure:5008: $? = 0
configure:5023: result: yes
configure:5035: checking whether time.h and sys/time.h may both be included
configure:5065: /opt/toolchains/crosstools-arm-gcc-4.6-linux-3.4-uclibc-0.9.32-binutils-2.21-NPTL/usr/bin/arm-unknown-linux-uclibcgnueabi-gcc -c -I/home/gordon/data/gpl/t3200_18/brcm-sdk-1501/bcmcpe2/targets/963138BGW/public/include -I/home/gordon/data/gpl/t3200_18/brcm-sdk-1501/bcmcpe2/userspace/public/libs/libpcap/libpcap -Wall -Wshadow -Wwrite-strings -Wextra -D_FORTIFY_SOURCE=2 -Wformat -Wformat-security  conftest.c >&5
configure:5071: $? = 0
configure:5086: result: yes
configure:5097: checking for uint8_t using /opt/toolchains/crosstools-arm-gcc-4.6-linux-3.4-uclibc-0.9.32-binutils-2.21-NPTL/usr/bin/arm-unknown-linux-uclibcgnueabi-gcc
configure:5158: /opt/toolchains/crosstools-arm-gcc-4.6-linux-3.4-uclibc-0.9.32-binutils-2.21-NPTL/usr/bin/arm-unknown-linux-uclibcgnueabi-gcc -c -I/home/gordon/data/gpl/t3200_18/brcm-sdk-1501/bcmcpe2/targets/963138BGW/public/include -I/home/gordon/data/gpl/t3200_18/brcm-sdk-1501/bcmcpe2/userspace/public/libs/libpcap/libpcap -Wall -Wshadow -Wwrite-strings -Wextra -D_FORTIFY_SOURCE=2 -Wformat -Wformat-security  conftest.c >&5
conftest.c: In function 'main':
conftest.c:72:9: warning: unused variable 'i' [-Wunused-variable]
configure:5164: $? = 0
configure:5180: result: yes
configure:5189: checking for uint16_t using /opt/toolchains/crosstools-arm-gcc-4.6-linux-3.4-uclibc-0.9.32-binutils-2.21-NPTL/usr/bin/arm-unknown-linux-uclibcgnueabi-gcc
configure:5250: /opt/toolchains/crosstools-arm-gcc-4.6-linux-3.4-uclibc-0.9.32-binutils-2.21-NPTL/usr/bin/arm-unknown-linux-uclibcgnueabi-gcc -c -I/home/gordon/data/gpl/t3200_18/brcm-sdk-1501/bcmcpe2/targets/963138BGW/public/include -I/home/gordon/data/gpl/t3200_18/brcm-sdk-1501/bcmcpe2/userspace/public/libs/libpcap/libpcap -Wall -Wshadow -Wwrite-strings -Wextra -D_FORTIFY_SOURCE=2 -Wformat -Wformat-security  conftest.c >&5
conftest.c: In function 'main':
conftest.c:72:10: warning: unused variable 'i' [-Wunused-variable]
configure:5256: $? = 0
configure:5272: result: yes
configure:5281: checking for uint32_t using /opt/toolchains/crosstools-arm-gcc-4.6-linux-3.4-uclibc-0.9.32-binutils-2.21-NPTL/usr/bin/arm-unknown-linux-uclibcgnueabi-gcc
configure:5342: /opt/toolchains/crosstools-arm-gcc-4.6-linux-3.4-uclibc-0.9.32-binutils-2.21-NPTL/usr/bin/arm-unknown-linux-uclibcgnueabi-gcc -c -I/home/gordon/data/gpl/t3200_18/brcm-sdk-1501/bcmcpe2/targets/963138BGW/public/include -I/home/gordon/data/gpl/t3200_18/brcm-sdk-1501/bcmcpe2/userspace/public/libs/libpcap/libpcap -Wall -Wshadow -Wwrite-strings -Wextra -D_FORTIFY_SOURCE=2 -Wformat -Wformat-security  conftest.c >&5
conftest.c: In function 'main':
conftest.c:72:10: warning: unused variable 'i' [-Wunused-variable]
configure:5348: $? = 0
configure:5364: result: yes
configure:5375: checking whether long int is 64 bits
configure:5406: /opt/toolchains/crosstools-arm-gcc-4.6-linux-3.4-uclibc-0.9.32-binutils-2.21-NPTL/usr/bin/arm-unknown-linux-uclibcgnueabi-gcc -c -I/home/gordon/data/gpl/t3200_18/brcm-sdk-1501/bcmcpe2/targets/963138BGW/public/include -I/home/gordon/data/gpl/t3200_18/brcm-sdk-1501/bcmcpe2/userspace/public/libs/libpcap/libpcap -Wall -Wshadow -Wwrite-strings -Wextra -D_FORTIFY_SOURCE=2 -Wformat -Wformat-security  conftest.c >&5
conftest.c: In function 'main':
conftest.c:37:12: error: size of array 'test_array' is negative
conftest.c:37:12: warning: variable 'test_array' set but not used [-Wunused-but-set-variable]
configure:5412: $? = 1
configure: failed program was:
| /* confdefs.h.  */
| #define PACKAGE_NAME "arp-scan"
| #define PACKAGE_TARNAME "arp-scan"
| #define PACKAGE_VERSION "1.8"
| #define PACKAGE_STRING "arp-scan 1.8"
| #define PACKAGE_BUGREPORT "arp-scan@nta-monitor.com"
| #define PACKAGE "arp-scan"
| #define VERSION "1.8"
| #define ATTRIBUTE_UNUSED __attribute__ ((__unused__))
| #define STDC_HEADERS 1
| #define HAVE_SYS_TYPES_H 1
| #define HAVE_SYS_STAT_H 1
| #define HAVE_STDLIB_H 1
| #define HAVE_STRING_H 1
| #define HAVE_MEMORY_H 1
| #define HAVE_STRINGS_H 1
| #define HAVE_INTTYPES_H 1
| #define HAVE_STDINT_H 1
| #define HAVE_UNISTD_H 1
| #define HAVE_ARPA_INET_H 1
| #define HAVE_NETDB_H 1
| #define HAVE_NETINET_IN_H 1
| #define HAVE_SYS_SOCKET_H 1
| #define HAVE_SYS_TIME_H 1
| #define HAVE_UNISTD_H 1
| #define HAVE_GETOPT_H 1
| #define HAVE_PCAP_H 1
| #define HAVE_SYS_IOCTL_H 1
| #define HAVE_SYS_STAT_H 1
| #define HAVE_FCNTL_H 1
| #define TIME_WITH_SYS_TIME 1
| /* end confdefs.h.  */
| 
| int
| main ()
| {
| static int test_array [1 - 2 * !(sizeof(long int) == 8)];
| test_array [0] = 0
| 
|   ;
|   return 0;
| }
configure:5494: result: no
configure:5511: checking whether long long int is 64 bits
configure:5542: /opt/toolchains/crosstools-arm-gcc-4.6-linux-3.4-uclibc-0.9.32-binutils-2.21-NPTL/usr/bin/arm-unknown-linux-uclibcgnueabi-gcc -c -I/home/gordon/data/gpl/t3200_18/brcm-sdk-1501/bcmcpe2/targets/963138BGW/public/include -I/home/gordon/data/gpl/t3200_18/brcm-sdk-1501/bcmcpe2/userspace/public/libs/libpcap/libpcap -Wall -Wshadow -Wwrite-strings -Wextra -D_FORTIFY_SOURCE=2 -Wformat -Wformat-security  conftest.c >&5
conftest.c: In function 'main':
conftest.c:37:12: warning: variable 'test_array' set but not used [-Wunused-but-set-variable]
configure:5548: $? = 0
configure:5630: result: yes
configure:5664: checking snprintf format for long long int
configure:5786: checking for malloc
configure:5842: /opt/toolchains/crosstools-arm-gcc-4.6-linux-3.4-uclibc-0.9.32-binutils-2.21-NPTL/usr/bin/arm-unknown-linux-uclibcgnueabi-gcc -o conftest -I/home/gordon/data/gpl/t3200_18/brcm-sdk-1501/bcmcpe2/targets/963138BGW/public/include -I/home/gordon/data/gpl/t3200_18/brcm-sdk-1501/bcmcpe2/userspace/public/libs/libpcap/libpcap -Wall -Wshadow -Wwrite-strings -Wextra -D_FORTIFY_SOURCE=2 -Wformat -Wformat-security  -L/home/gordon/data/gpl/t3200_18/brcm-sdk-1501/bcmcpe2/targets/963138BGW/fs.build/public/lib conftest.c -lpcap  >&5
conftest.c:61:6: warning: conflicting types for built-in function 'malloc' [enabled by default]
/home/gordon/data/gpl/t3200_18/brcm-sdk-1501/bcmcpe2/targets/963138BGW/fs.build/public/lib/libpcap.so: warning: gethostbyname is obsolescent, use getnameinfo() instead.
configure:5848: $? = 0
configure:5866: result: yes
configure:5786: checking for gethostbyname
configure:5842: /opt/toolchains/crosstools-arm-gcc-4.6-linux-3.4-uclibc-0.9.32-binutils-2.21-NPTL/usr/bin/arm-unknown-linux-uclibcgnueabi-gcc -o conftest -I/home/gordon/data/gpl/t3200_18/brcm-sdk-1501/bcmcpe2/targets/963138BGW/public/include -I/home/gordon/data/gpl/t3200_18/brcm-sdk-1501/bcmcpe2/userspace/public/libs/libpcap/libpcap -Wall -Wshadow -Wwrite-strings -Wextra -D_FORTIFY_SOURCE=2 -Wformat -Wformat-security  -L/home/gordon/data/gpl/t3200_18/brcm-sdk-1501/bcmcpe2/targets/963138BGW/fs.build/public/lib conftest.c -lpcap  >&5
/tmp/ccmDKxzc.o: In function `main':
conftest.c:(.text+0x8): warning: gethostbyname is obsolescent, use getnameinfo() instead.
configure:5848: $? = 0
configure:5866: result: yes
configure:5786: checking for gettimeofday
configure:5842: /opt/toolchains/crosstools-arm-gcc-4.6-linux-3.4-uclibc-0.9.32-binutils-2.21-NPTL/usr/bin/arm-unknown-linux-uclibcgnueabi-gcc -o conftest -I/home/gordon/data/gpl/t3200_18/brcm-sdk-1501/bcmcpe2/targets/963138BGW/public/include -I/home/gordon/data/gpl/t3200_18/brcm-sdk-1501/bcmcpe2/userspace/public/libs/libpcap/libpcap -Wall -Wshadow -Wwrite-strings -Wextra -D_FORTIFY_SOURCE=2 -Wformat -Wformat-security  -L/home/gordon/data/gpl/t3200_18/brcm-sdk-1501/bcmcpe2/targets/963138BGW/fs.build/public/lib conftest.c -lpcap  >&5
/home/gordon/data/gpl/t3200_18/brcm-sdk-1501/bcmcpe2/targets/963138BGW/fs.build/public/lib/libpcap.so: warning: gethostbyname is obsolescent, use getnameinfo() instead.
configure:5848: $? = 0
configure:5866: result: yes
configure:5786: checking for inet_ntoa
configure:5842: /opt/toolchains/crosstools-arm-gcc-4.6-linux-3.4-uclibc-0.9.32-binutils-2.21-NPTL/usr/bin/arm-unknown-linux-uclibcgnueabi-gcc -o conftest -I/home/gordon/data/gpl/t3200_18/brcm-sdk-1501/bcmcpe2/targets/963138BGW/public/include -I/home/gordon/data/gpl/t3200_18/brcm-sdk-1501/bcmcpe2/userspace/public/libs/libpcap/libpcap -Wall -Wshadow -Wwrite-strings -Wextra -D_FORTIFY_SOURCE=2 -Wformat -Wformat-security  -L/home/gordon/data/gpl/t3200_18/brcm-sdk-1501/bcmcpe2/targets/963138BGW/fs.build/public/lib conftest.c -lpcap  >&5
/home/gordon/data/gpl/t3200_18/brcm-sdk-1501/bcmcpe2/targets/963138BGW/fs.build/public/lib/libpcap.so: warning: gethostbyname is obsolescent, use getnameinfo() instead.
configure:5848: $? = 0
configure:5866: result: yes
configure:5786: checking for memset
configure:5842: /opt/toolchains/crosstools-arm-gcc-4.6-linux-3.4-uclibc-0.9.32-binutils-2.21-NPTL/usr/bin/arm-unknown-linux-uclibcgnueabi-gcc -o conftest -I/home/gordon/data/gpl/t3200_18/brcm-sdk-1501/bcmcpe2/targets/963138BGW/public/include -I/home/gordon/data/gpl/t3200_18/brcm-sdk-1501/bcmcpe2/userspace/public/libs/libpcap/libpcap -Wall -Wshadow -Wwrite-strings -Wextra -D_FORTIFY_SOURCE=2 -Wformat -Wformat-security  -L/home/gordon/data/gpl/t3200_18/brcm-sdk-1501/bcmcpe2/targets/963138BGW/fs.build/public/lib conftest.c -lpcap  >&5
conftest.c:65:6: warning: conflicting types for built-in function 'memset' [enabled by default]
/home/gordon/data/gpl/t3200_18/brcm-sdk-1501/bcmcpe2/targets/963138BGW/fs.build/public/lib/libpcap.so: warning: gethostbyname is obsolescent, use getnameinfo() instead.
configure:5848: $? = 0
configure:5866: result: yes
configure:5786: checking for select
configure:5842: /opt/toolchains/crosstools-arm-gcc-4.6-linux-3.4-uclibc-0.9.32-binutils-2.21-NPTL/usr/bin/arm-unknown-linux-uclibcgnueabi-gcc -o conftest -I/home/gordon/data/gpl/t3200_18/brcm-sdk-1501/bcmcpe2/targets/963138BGW/public/include -I/home/gordon/data/gpl/t3200_18/brcm-sdk-1501/bcmcpe2/userspace/public/libs/libpcap/libpcap -Wall -Wshadow -Wwrite-strings -Wextra -D_FORTIFY_SOURCE=2 -Wformat -Wformat-security  -L/home/gordon/data/gpl/t3200_18/brcm-sdk-1501/bcmcpe2/targets/963138BGW/fs.build/public/lib conftest.c -lpcap  >&5
/home/gordon/data/gpl/t3200_18/brcm-sdk-1501/bcmcpe2/targets/963138BGW/fs.build/public/lib/libpcap.so: warning: gethostbyname is obsolescent, use getnameinfo() instead.
configure:5848: $? = 0
configure:5866: result: yes
configure:5786: checking for socket
configure:5842: /opt/toolchains/crosstools-arm-gcc-4.6-linux-3.4-uclibc-0.9.32-binutils-2.21-NPTL/usr/bin/arm-unknown-linux-uclibcgnueabi-gcc -o conftest -I/home/gordon/data/gpl/t3200_18/brcm-sdk-1501/bcmcpe2/targets/963138BGW/public/include -I/home/gordon/data/gpl/t3200_18/brcm-sdk-1501/bcmcpe2/userspace/public/libs/libpcap/libpcap -Wall -Wshadow -Wwrite-strings -Wextra -D_FORTIFY_SOURCE=2 -Wformat -Wformat-security  -L/home/gordon/data/gpl/t3200_18/brcm-sdk-1501/bcmcpe2/targets/963138BGW/fs.build/public/lib conftest.c -lpcap  >&5
/home/gordon/data/gpl/t3200_18/brcm-sdk-1501/bcmcpe2/targets/963138BGW/fs.build/public/lib/libpcap.so: warning: gethostbyname is obsolescent, use getnameinfo() instead.
configure:5848: $? = 0
configure:5866: result: yes
configure:5786: checking for strerror
configure:5842: /opt/toolchains/crosstools-arm-gcc-4.6-linux-3.4-uclibc-0.9.32-binutils-2.21-NPTL/usr/bin/arm-unknown-linux-uclibcgnueabi-gcc -o conftest -I/home/gordon/data/gpl/t3200_18/brcm-sdk-1501/bcmcpe2/targets/963138BGW/public/include -I/home/gordon/data/gpl/t3200_18/brcm-sdk-1501/bcmcpe2/userspace/public/libs/libpcap/libpcap -Wall -Wshadow -Wwrite-strings -Wextra -D_FORTIFY_SOURCE=2 -Wformat -Wformat-security  -L/home/gordon/data/gpl/t3200_18/brcm-sdk-1501/bcmcpe2/targets/963138BGW/fs.build/public/lib conftest.c -lpcap  >&5
/home/gordon/data/gpl/t3200_18/brcm-sdk-1501/bcmcpe2/targets/963138BGW/fs.build/public/lib/libpcap.so: warning: gethostbyname is obsolescent, use getnameinfo() instead.
configure:5848: $? = 0
configure:5866: result: yes
configure:5877: checking for posix regular expression support
configure:5903: /opt/toolchains/crosstools-arm-gcc-4.6-linux-3.4-uclibc-0.9.32-binutils-2.21-NPTL/usr/bin/arm-unknown-linux-uclibcgnueabi-gcc -o conftest -I/home/gordon/data/gpl/t3200_18/brcm-sdk-1501/bcmcpe2/targets/963138BGW/public/include -I/home/gordon/data/gpl/t3200_18/brcm-sdk-1501/bcmcpe2/userspace/public/libs/libpcap/libpcap -Wall -Wshadow -Wwrite-strings -Wextra -D_FORTIFY_SOURCE=2 -Wformat -Wformat-security  -L/home/gordon/data/gpl/t3200_18/brcm-sdk-1501/bcmcpe2/targets/963138BGW/fs.build/public/lib conftest.c -lpcap  >&5
/home/gordon/data/gpl/t3200_18/brcm-sdk-1501/bcmcpe2/targets/963138BGW/fs.build/public/lib/libpcap.so: warning: gethostbyname is obsolescent, use getnameinfo() instead.
configure:5909: $? = 0
configure:5925: result: yes
configure:5941: Using packet socket link layer implementation.
configure:5959: checking netpacket/packet.h usability
configure:5976: /opt/toolchains/crosstools-arm-gcc-4.6-linux-3.4-uclibc-0.9.32-binutils-2.21-NPTL/usr/bin/arm-unknown-linux-uclibcgnueabi-gcc -c -I/home/gordon/data/gpl/t3200_18/brcm-sdk-1501/bcmcpe2/targets/963138BGW/public/include -I/home/gordon/data/gpl/t3200_18/brcm-sdk-1501/bcmcpe2/userspace/public/libs/libpcap/libpcap -Wall -Wshadow -Wwrite-strings -Wextra -D_FORTIFY_SOURCE=2 -Wformat -Wformat-security  conftest.c >&5
configure:5982: $? = 0
configure:5996: result: yes
configure:6000: checking netpacket/packet.h presence
configure:6015: /opt/toolchains/crosstools-arm-gcc-4.6-linux-3.4-uclibc-0.9.32-binutils-2.21-NPTL/usr/bin/arm-unknown-linux-uclibcgnueabi-cpp  conftest.c
configure:6021: $? = 0
configure:6035: result: yes
configure:6068: checking for netpacket/packet.h
configure:6076: result: yes
configure:5959: checking net/if.h usability
configure:5976: /opt/toolchains/crosstools-arm-gcc-4.6-linux-3.4-uclibc-0.9.32-binutils-2.21-NPTL/usr/bin/arm-unknown-linux-uclibcgnueabi-gcc -c -I/home/gordon/data/gpl/t3200_18/brcm-sdk-1501/bcmcpe2/targets/963138BGW/public/include -I/home/gordon/data/gpl/t3200_18/brcm-sdk-1501/bcmcpe2/userspace/public/libs/libpcap/libpcap -Wall -Wshadow -Wwrite-strings -Wextra -D_FORTIFY_SOURCE=2 -Wformat -Wformat-security  conftest.c >&5
configure:5982: $? = 0
configure:5996: result: yes
configure:6000: checking net/if.h presence
configure:6015: /opt/toolchains/crosstools-arm-gcc-4.6-linux-3.4-uclibc-0.9.32-binutils-2.21-NPTL/usr/bin/arm-unknown-linux-uclibcgnueabi-cpp  conftest.c
configure:6021: $? = 0
configure:6035: result: yes
configure:6068: checking for net/if.h
configure:6076: result: yes
configure:6273: checking for getopt_long_only
configure:6329: /opt/toolchains/crosstools-arm-gcc-4.6-linux-3.4-uclibc-0.9.32-binutils-2.21-NPTL/usr/bin/arm-unknown-linux-uclibcgnueabi-gcc -o conftest -I/home/gordon/data/gpl/t3200_18/brcm-sdk-1501/bcmcpe2/targets/963138BGW/public/include -I/home/gordon/data/gpl/t3200_18/brcm-sdk-1501/bcmcpe2/userspace/public/libs/libpcap/libpcap -Wall -Wshadow -Wwrite-strings -Wextra -D_FORTIFY_SOURCE=2 -Wformat -Wformat-security  -L/home/gordon/data/gpl/t3200_18/brcm-sdk-1501/bcmcpe2/targets/963138BGW/fs.build/public/lib conftest.c -lpcap  >&5
/home/gordon/data/gpl/t3200_18/brcm-sdk-1501/bcmcpe2/targets/963138BGW/fs.build/public/lib/libpcap.so: warning: gethostbyname is obsolescent, use getnameinfo() instead.
configure:6335: $? = 0
configure:6352: result: yes
configure:6373: checking for inet_aton
configure:6429: /opt/toolchains/crosstools-arm-gcc-4.6-linux-3.4-uclibc-0.9.32-binutils-2.21-NPTL/usr/bin/arm-unknown-linux-uclibcgnueabi-gcc -o conftest -I/home/gordon/data/gpl/t3200_18/brcm-sdk-1501/bcmcpe2/targets/963138BGW/public/include -I/home/gordon/data/gpl/t3200_18/brcm-sdk-1501/bcmcpe2/userspace/public/libs/libpcap/libpcap -Wall -Wshadow -Wwrite-strings -Wextra -D_FORTIFY_SOURCE=2 -Wformat -Wformat-security  -L/home/gordon/data/gpl/t3200_18/brcm-sdk-1501/bcmcpe2/targets/963138BGW/fs.build/public/lib conftest.c -lpcap  >&5
/home/gordon/data/gpl/t3200_18/brcm-sdk-1501/bcmcpe2/targets/963138BGW/fs.build/public/lib/libpcap.so: warning: gethostbyname is obsolescent, use getnameinfo() instead.
configure:6435: $? = 0
configure:6452: result: yes
configure:6466: checking for strlcat
configure:6522: /opt/toolchains/crosstools-arm-gcc-4.6-linux-3.4-uclibc-0.9.32-binutils-2.21-NPTL/usr/bin/arm-unknown-linux-uclibcgnueabi-gcc -o conftest -I/home/gordon/data/gpl/t3200_18/brcm-sdk-1501/bcmcpe2/targets/963138BGW/public/include -I/home/gordon/data/gpl/t3200_18/brcm-sdk-1501/bcmcpe2/userspace/public/libs/libpcap/libpcap -Wall -Wshadow -Wwrite-strings -Wextra -D_FORTIFY_SOURCE=2 -Wformat -Wformat-security  -L/home/gordon/data/gpl/t3200_18/brcm-sdk-1501/bcmcpe2/targets/963138BGW/fs.build/public/lib conftest.c -lpcap  >&5
/home/gordon/data/gpl/t3200_18/brcm-sdk-1501/bcmcpe2/targets/963138BGW/fs.build/public/lib/libpcap.so: warning: gethostbyname is obsolescent, use getnameinfo() instead.
configure:6528: $? = 0
configure:6545: result: yes
configure:6562: checking for strlcpy
configure:6618: /opt/toolchains/crosstools-arm-gcc-4.6-linux-3.4-uclibc-0.9.32-binutils-2.21-NPTL/usr/bin/arm-unknown-linux-uclibcgnueabi-gcc -o conftest -I/home/gordon/data/gpl/t3200_18/brcm-sdk-1501/bcmcpe2/targets/963138BGW/public/include -I/home/gordon/data/gpl/t3200_18/brcm-sdk-1501/bcmcpe2/userspace/public/libs/libpcap/libpcap -Wall -Wshadow -Wwrite-strings -Wextra -D_FORTIFY_SOURCE=2 -Wformat -Wformat-security  -L/home/gordon/data/gpl/t3200_18/brcm-sdk-1501/bcmcpe2/targets/963138BGW/fs.build/public/lib conftest.c -lpcap  >&5
/home/gordon/data/gpl/t3200_18/brcm-sdk-1501/bcmcpe2/targets/963138BGW/fs.build/public/lib/libpcap.so: warning: gethostbyname is obsolescent, use getnameinfo() instead.
configure:6624: $? = 0
configure:6641: result: yes
configure:6775: creating ./config.status

## ---------------------- ##
## Running config.status. ##
## ---------------------- ##

This file was extended by arp-scan config.status 1.8, which was
generated by GNU Autoconf 2.61.  Invocation command line was

  CONFIG_FILES    = 
  CONFIG_HEADERS  = 
  CONFIG_LINKS    = 
  CONFIG_COMMANDS = 
  $ ./config.status 

on new-host

config.status:644: creating Makefile
config.status:644: creating config.h
config.status:909: config.h is unchanged
config.status:955: executing depfiles commands

## ---------------- ##
## Cache variables. ##
## ---------------- ##

ac_cv_build=i686-pc-linux-gnu
ac_cv_c_compiler_gnu=yes
ac_cv_c_const=yes
ac_cv_env_CC_set=set
ac_cv_env_CC_value=/opt/toolchains/crosstools-arm-gcc-4.6-linux-3.4-uclibc-0.9.32-binutils-2.21-NPTL/usr/bin/arm-unknown-linux-uclibcgnueabi-gcc
ac_cv_env_CFLAGS_set=set
ac_cv_env_CFLAGS_value='-I/home/gordon/data/gpl/t3200_18/brcm-sdk-1501/bcmcpe2/targets/963138BGW/public/include -I/home/gordon/data/gpl/t3200_18/brcm-sdk-1501/bcmcpe2/userspace/public/libs/libpcap/libpcap'
ac_cv_env_CPPFLAGS_set=
ac_cv_env_CPPFLAGS_value=
ac_cv_env_CPP_set=set
ac_cv_env_CPP_value=/opt/toolchains/crosstools-arm-gcc-4.6-linux-3.4-uclibc-0.9.32-binutils-2.21-NPTL/usr/bin/arm-unknown-linux-uclibcgnueabi-cpp
ac_cv_env_LDFLAGS_set=set
ac_cv_env_LDFLAGS_value=-L/home/gordon/data/gpl/t3200_18/brcm-sdk-1501/bcmcpe2/targets/963138BGW/fs.build/public/lib
ac_cv_env_LIBS_set=
ac_cv_env_LIBS_value=
ac_cv_env_build_alias_set=
ac_cv_env_build_alias_value=
ac_cv_env_host_alias_set=set
ac_cv_env_host_alias_value=arm-unknown-linux-uclibcgnueabi
ac_cv_env_target_alias_set=
ac_cv_env_target_alias_value=
ac_cv_func_gethostbyname=yes
ac_cv_func_getopt_long_only=yes
ac_cv_func_gettimeofday=yes
ac_cv_func_inet_aton=yes
ac_cv_func_inet_ntoa=yes
ac_cv_func_malloc=yes
ac_cv_func_memset=yes
ac_cv_func_select=yes
ac_cv_func_socket=yes
ac_cv_func_strerror=yes
ac_cv_func_strlcat=yes
ac_cv_func_strlcpy=yes
ac_cv_header_arpa_inet_h=yes
ac_cv_header_fcntl_h=yes
ac_cv_header_getopt_h=yes
ac_cv_header_inttypes_h=yes
ac_cv_header_memory_h=yes
ac_cv_header_net_if_h=yes
ac_cv_header_netdb_h=yes
ac_cv_header_netinet_in_h=yes
ac_cv_header_netpacket_packet_h=yes
ac_cv_header_pcap_h=yes
ac_cv_header_stdc=yes
ac_cv_header_stdint_h=yes
ac_cv_header_stdlib_h=yes
ac_cv_header_string_h=yes
ac_cv_header_strings_h=yes
ac_cv_header_sys_ioctl_h=yes
ac_cv_header_sys_socket_h=yes
ac_cv_header_sys_stat_h=yes
ac_cv_header_sys_time_h=yes
ac_cv_header_sys_types_h=yes
ac_cv_header_time=yes
ac_cv_header_unistd_h=yes
ac_cv_host=arm-unknown-linux-uclibcgnueabi
ac_cv_nta_have_uint16_t=yes
ac_cv_nta_have_uint32_t=yes
ac_cv_nta_have_uint8_t=yes
ac_cv_objext=o
ac_cv_path_EGREP='/usr/bin/grep -E'
ac_cv_path_GREP=/usr/bin/grep
ac_cv_path_install='/usr/bin/install -c'
ac_cv_path_mkdir=/usr/bin/mkdir
ac_cv_prog_AWK=gawk
ac_cv_prog_CC=/opt/toolchains/crosstools-arm-gcc-4.6-linux-3.4-uclibc-0.9.32-binutils-2.21-NPTL/usr/bin/arm-unknown-linux-uclibcgnueabi-gcc
ac_cv_prog_CPP=/opt/toolchains/crosstools-arm-gcc-4.6-linux-3.4-uclibc-0.9.32-binutils-2.21-NPTL/usr/bin/arm-unknown-linux-uclibcgnueabi-cpp
ac_cv_prog_STRIP=/opt/toolchains/crosstools-arm-gcc-4.6-linux-3.4-uclibc-0.9.32-binutils-2.21-NPTL/usr/bin/arm-unknown-linux-uclibcgnueabi-strip
ac_cv_prog_cc_c89=
ac_cv_prog_cc_g=yes
ac_cv_prog_make_make_set=yes
ac_cv_search_gethostbyname='none required'
ac_cv_search_pcap_open_live=-lpcap
ac_cv_search_socket='none required'
ac_cv_type_size_t=yes
am_cv_CC_dependencies_compiler_type=gcc3
pgac_cv_snprintf_long_long_int_format=cross
pgac_cv_type_long_int_64=no
pgac_cv_type_long_long_int_64=yes

## ----------------- ##
## Output variables. ##
## ----------------- ##

ACLOCAL='${SHELL} /home/gordon/data/gpl/t3200_18/brcm-sdk-1501/bcmcpe2/userspace/public/apps/arp-scan/arp-scan-1.8/missing --run aclocal-1.10'
AMDEPBACKSLASH='\'
AMDEP_FALSE='#'
AMDEP_TRUE=''
AMTAR='${SHELL} /home/gordon/data/gpl/t3200_18/brcm-sdk-1501/bcmcpe2/userspace/public/apps/arp-scan/arp-scan-1.8/missing --run tar'
AUTOCONF='${SHELL} /home/gordon/data/gpl/t3200_18/brcm-sdk-1501/bcmcpe2/userspace/public/apps/arp-scan/arp-scan-1.8/missing --run autoconf'
AUTOHEADER='${SHELL} /home/gordon/data/gpl/t3200_18/brcm-sdk-1501/bcmcpe2/userspace/public/apps/arp-scan/arp-scan-1.8/missing --run autoheader'
AUTOMAKE='${SHELL} /home/gordon/data/gpl/t3200_18/brcm-sdk-1501/bcmcpe2/userspace/public/apps/arp-scan/arp-scan-1.8/missing --run automake-1.10'
AWK='gawk'
CC='/opt/toolchains/crosstools-arm-gcc-4.6-linux-3.4-uclibc-0.9.32-binutils-2.21-NPTL/usr/bin/arm-unknown-linux-uclibcgnueabi-gcc'
CCDEPMODE='depmode=gcc3'
CFLAGS='-I/home/gordon/data/gpl/t3200_18/brcm-sdk-1501/bcmcpe2/targets/963138BGW/public/include -I/home/gordon/data/gpl/t3200_18/brcm-sdk-1501/bcmcpe2/userspace/public/libs/libpcap/libpcap -Wall -Wshadow -Wwrite-strings -Wextra -D_FORTIFY_SOURCE=2 -Wformat -Wformat-security'
CPP='/opt/toolchains/crosstools-arm-gcc-4.6-linux-3.4-uclibc-0.9.32-binutils-2.21-NPTL/usr/bin/arm-unknown-linux-uclibcgnueabi-cpp'
CPPFLAGS=''
CYGPATH_W='echo'
DEFS='-DHAVE_CONFIG_H'
DEPDIR='.deps'
ECHO_C=''
ECHO_N='-n'
ECHO_T=''
EGREP='/usr/bin/grep -E'
EXEEXT=''
GREP='/usr/bin/grep'
INSTALL_DATA='${INSTALL} -m 644'
INSTALL_PROGRAM='${INSTALL}'
INSTALL_SCRIPT='${INSTALL}'
INSTALL_STRIP_PROGRAM='$(install_sh) -c -s'
LDFLAGS='-L/home/gordon/data/gpl/t3200_18/brcm-sdk-1501/bcmcpe2/targets/963138BGW/fs.build/public/lib'
LIBOBJS=' ${LIBOBJDIR}link-packet-socket$U.o'
LIBS='-lpcap '
LN_S='ln -s'
LTLIBOBJS=' ${LIBOBJDIR}link-packet-socket$U.lo'
MAKEINFO='${SHELL} /home/gordon/data/gpl/t3200_18/brcm-sdk-1501/bcmcpe2/userspace/public/apps/arp-scan/arp-scan-1.8/missing --run makeinfo'
OBJEXT='o'
PACKAGE='arp-scan'
PACKAGE_BUGREPORT='arp-scan@nta-monitor.com'
PACKAGE_NAME='arp-scan'
PACKAGE_STRING='arp-scan 1.8'
PACKAGE_TARNAME='arp-scan'
PACKAGE_VERSION='1.8'
PATH_SEPARATOR=':'
SET_MAKE=''
SHELL='/bin/sh'
STRIP='/opt/toolchains/crosstools-arm-gcc-4.6-linux-3.4-uclibc-0.9.32-binutils-2.21-NPTL/usr/bin/arm-unknown-linux-uclibcgnueabi-strip'
VERSION='1.8'
ac_ct_CC=''
am__fastdepCC_FALSE='#'
am__fastdepCC_TRUE=''
am__include='include'
am__isrc=''
am__leading_dot='.'
am__quote=''
am__tar='${AMTAR} chof - "$$tardir"'
am__untar='${AMTAR} xf -'
bindir='${exec_prefix}/bin'
build='i686-pc-linux-gnu'
build_alias=''
build_cpu='i686'
build_os='linux-gnu'
build_vendor='pc'
datadir='${datarootdir}'
datarootdir='${prefix}/share'
docdir='${datarootdir}/doc/${PACKAGE_TARNAME}'
dvidir='${docdir}'
exec_prefix='${prefix}'
host='arm-unknown-linux-uclibcgnueabi'
host_alias='arm-unknown-linux-uclibcgnueabi'
host_cpu='arm'
host_os='linux-uclibcgnueabi'
host_vendor='unknown'
htmldir='${docdir}'
includedir='${prefix}/include'
infodir='${datarootdir}/info'
install_sh='$(SHELL) /home/gordon/data/gpl/t3200_18/brcm-sdk-1501/bcmcpe2/userspace/public/apps/arp-scan/arp-scan-1.8/install-sh'
libdir='${exec_prefix}/lib'
libexecdir='${exec_prefix}/libexec'
localedir='${datarootdir}/locale'
localstatedir='${prefix}/var'
mandir='${datarootdir}/man'
mkdir_p='/usr/bin/mkdir -p'
oldincludedir='/usr/include'
pdfdir='${docdir}'
prefix='/usr/local'
program_transform_name='s,x,x,'
psdir='${docdir}'
sbindir='${exec_prefix}/sbin'
sharedstatedir='${prefix}/com'
sysconfdir='${prefix}/etc'
target_alias=''

## ----------- ##
## confdefs.h. ##
## ----------- ##

#define PACKAGE_NAME "arp-scan"
#define PACKAGE_TARNAME "arp-scan"
#define PACKAGE_VERSION "1.8"
#define PACKAGE_STRING "arp-scan 1.8"
#define PACKAGE_BUGREPORT "arp-scan@nta-monitor.com"
#define PACKAGE "arp-scan"
#define VERSION "1.8"
#define ATTRIBUTE_UNUSED __attribute__ ((__unused__))
#define STDC_HEADERS 1
#define HAVE_SYS_TYPES_H 1
#define HAVE_SYS_STAT_H 1
#define HAVE_STDLIB_H 1
#define HAVE_STRING_H 1
#define HAVE_MEMORY_H 1
#define HAVE_STRINGS_H 1
#define HAVE_INTTYPES_H 1
#define HAVE_STDINT_H 1
#define HAVE_UNISTD_H 1
#define HAVE_ARPA_INET_H 1
#define HAVE_NETDB_H 1
#define HAVE_NETINET_IN_H 1
#define HAVE_SYS_SOCKET_H 1
#define HAVE_SYS_TIME_H 1
#define HAVE_UNISTD_H 1
#define HAVE_GETOPT_H 1
#define HAVE_PCAP_H 1
#define HAVE_SYS_IOCTL_H 1
#define HAVE_SYS_STAT_H 1
#define HAVE_FCNTL_H 1
#define TIME_WITH_SYS_TIME 1
#define HAVE_LONG_LONG_INT_64
#define ARP_INT64 long long int
#define ARP_UINT64 unsigned long long int
#define ARP_INT64_FORMAT ""
#define ARP_UINT64_FORMAT ""
#define HAVE_MALLOC 1
#define HAVE_GETHOSTBYNAME 1
#define HAVE_GETTIMEOFDAY 1
#define HAVE_INET_NTOA 1
#define HAVE_MEMSET 1
#define HAVE_SELECT 1
#define HAVE_SOCKET 1
#define HAVE_STRERROR 1
#define HAVE_REGEX_H 1
#define HAVE_NETPACKET_PACKET_H 1
#define HAVE_NET_IF_H 1
#define HAVE_STRLCAT 1
#define HAVE_STRLCPY 1

configure: exit 0

## ---------------------- ##
## Running config.status. ##
## ---------------------- ##

This file was extended by arp-scan config.status 1.8, which was
generated by GNU Autoconf 2.61.  Invocation command line was

  CONFIG_FILES    = 
  CONFIG_HEADERS  = 
  CONFIG_LINKS    = 
  CONFIG_COMMANDS = 
  $ ./config.status Makefile depfiles

on new-host

config.status:644: creating Makefile
config.status:955: executing depfiles commands
